c:\github\data_and_algorithms\data_structures\data_structures\main\x64\debug\carrayonedimension.obj
c:\github\data_and_algorithms\data_structures\data_structures\main\x64\debug\carraytwodimension.obj
c:\github\data_and_algorithms\data_structures\data_structures\main\x64\debug\cdequemy.obj
c:\github\data_and_algorithms\data_structures\data_structures\main\x64\debug\cdequetemplate.obj
c:\github\data_and_algorithms\data_structures\data_structures\main\x64\debug\cdynamiconedimensiontable.obj
c:\github\data_and_algorithms\data_structures\data_structures\main\x64\debug\cdynamictwodimensiontable.obj
c:\github\data_and_algorithms\data_structures\data_structures\main\x64\debug\cforwardlistmy.obj
c:\github\data_and_algorithms\data_structures\data_structures\main\x64\debug\cforwardlisttemplate.obj
c:\github\data_and_algorithms\data_structures\data_structures\main\x64\debug\cheapbinary.obj
c:\github\data_and_algorithms\data_structures\data_structures\main\x64\debug\clistmy.obj
c:\github\data_and_algorithms\data_structures\data_structures\main\x64\debug\clisttemplate.obj
c:\github\data_and_algorithms\data_structures\data_structures\main\x64\debug\cmapmy.obj
c:\github\data_and_algorithms\data_structures\data_structures\main\x64\debug\cmaptemplate.obj
c:\github\data_and_algorithms\data_structures\data_structures\main\x64\debug\cqueuemy.obj
c:\github\data_and_algorithms\data_structures\data_structures\main\x64\debug\cqueuetemplate.obj
c:\github\data_and_algorithms\data_structures\data_structures\main\x64\debug\csetmy.obj
c:\github\data_and_algorithms\data_structures\data_structures\main\x64\debug\csettemplate.obj
c:\github\data_and_algorithms\data_structures\data_structures\main\x64\debug\cstackmy.obj
c:\github\data_and_algorithms\data_structures\data_structures\main\x64\debug\cstacktemplate.obj
c:\github\data_and_algorithms\data_structures\data_structures\main\x64\debug\cunorderedmapmy.obj
c:\github\data_and_algorithms\data_structures\data_structures\main\x64\debug\cunorderedmaptemplate.obj
c:\github\data_and_algorithms\data_structures\data_structures\main\x64\debug\cunorderedsetmy.obj
c:\github\data_and_algorithms\data_structures\data_structures\main\x64\debug\cunorderedsettemplate.obj
c:\github\data_and_algorithms\data_structures\data_structures\main\x64\debug\cvectoronedimension.obj
c:\github\data_and_algorithms\data_structures\data_structures\main\x64\debug\cvectortwodimension.obj
c:\github\data_and_algorithms\data_structures\data_structures\main\x64\debug\vc143.idb
c:\github\data_and_algorithms\data_structures\data_structures\main\x64\debug\vc143.pdb
c:\github\data_and_algorithms\data_structures\data_structures\main\x64\debug\main.tlog\cl.command.1.tlog
